This file contains any messages produced by compilers while
running configure, to aid debugging if configure makes a mistake.

It was created by WiredTiger configure 10.0.0, which was
generated by GNU Autoconf 2.69.  Invocation command line was

  $ ./configure --no-create --no-recursion

## --------- ##
## Platform. ##
## --------- ##

hostname = anna
uname -m = x86_64
uname -r = 4.15.0-213-generic
uname -s = Linux
uname -v = #224-Ubuntu SMP Mon Jun 19 13:30:12 UTC 2023

/usr/bin/uname -p = unknown
/bin/uname -X     = unknown

/bin/arch              = unknown
/usr/bin/arch -k       = unknown
/usr/convex/getsysinfo = unknown
/usr/bin/hostinfo      = unknown
/bin/machine           = unknown
/usr/bin/oslevel       = unknown
/bin/universe          = unknown

PATH: /home/chanyoung/.local/bin
PATH: /home/chanyoung/bin
PATH: /home/chanyoung/.local/bin
PATH: /home/chanyoung/bin
PATH: /home/chanyoung/.cargo/bin
PATH: /usr/local/sbin
PATH: /usr/local/bin
PATH: /usr/sbin
PATH: /usr/bin
PATH: /sbin
PATH: /bin
PATH: /usr/games
PATH: /snap/bin


## ----------- ##
## Core tests. ##
## ----------- ##

configure:2790: checking for a BSD-compatible install
configure:2858: result: /usr/bin/install -c
configure:2869: checking whether build environment is sane
configure:2924: result: yes
configure:3075: checking for a thread-safe mkdir -p
configure:3114: result: /bin/mkdir -p
configure:3121: checking for gawk
configure:3137: found /usr/bin/gawk
configure:3148: result: gawk
configure:3159: checking whether make sets $(MAKE)
configure:3181: result: yes
configure:3210: checking whether make supports nested variables
configure:3227: result: yes
configure:3364: checking whether make supports nested variables
configure:3381: result: yes
configure:3451: checking for cc
configure:3467: found /usr/bin/cc
configure:3478: result: cc
configure:3509: checking for C compiler version
configure:3518: cc --version >&5
cc (Ubuntu 7.5.0-3ubuntu1~18.04) 7.5.0
Copyright (C) 2017 Free Software Foundation, Inc.
This is free software; see the source for copying conditions.  There is NO
warranty; not even for MERCHANTABILITY or FITNESS FOR A PARTICULAR PURPOSE.

configure:3529: $? = 0
configure:3518: cc -v >&5
Using built-in specs.
COLLECT_GCC=cc
COLLECT_LTO_WRAPPER=/usr/lib/gcc/x86_64-linux-gnu/7/lto-wrapper
OFFLOAD_TARGET_NAMES=nvptx-none
OFFLOAD_TARGET_DEFAULT=1
Target: x86_64-linux-gnu
Configured with: ../src/configure -v --with-pkgversion='Ubuntu 7.5.0-3ubuntu1~18.04' --with-bugurl=file:///usr/share/doc/gcc-7/README.Bugs --enable-languages=c,ada,c++,go,brig,d,fortran,objc,obj-c++ --prefix=/usr --with-gcc-major-version-only --program-suffix=-7 --program-prefix=x86_64-linux-gnu- --enable-shared --enable-linker-build-id --libexecdir=/usr/lib --without-included-gettext --enable-threads=posix --libdir=/usr/lib --enable-nls --enable-bootstrap --enable-clocale=gnu --enable-libstdcxx-debug --enable-libstdcxx-time=yes --with-default-libstdcxx-abi=new --enable-gnu-unique-object --disable-vtable-verify --enable-libmpx --enable-plugin --enable-default-pie --with-system-zlib --with-target-system-zlib --enable-objc-gc=auto --enable-multiarch --disable-werror --with-arch-32=i686 --with-abi=m64 --with-multilib-list=m32,m64,mx32 --enable-multilib --with-tune=generic --enable-offload-targets=nvptx-none --without-cuda-driver --enable-checking=release --build=x86_64-linux-gnu --host=x86_64-linux-gnu --target=x86_64-linux-gnu
Thread model: posix
gcc version 7.5.0 (Ubuntu 7.5.0-3ubuntu1~18.04) 
configure:3529: $? = 0
configure:3518: cc -V >&5
cc: error: unrecognized command line option '-V'
cc: fatal error: no input files
compilation terminated.
configure:3529: $? = 1
configure:3518: cc -qversion >&5
cc: error: unrecognized command line option '-qversion'; did you mean '--version'?
cc: fatal error: no input files
compilation terminated.
configure:3529: $? = 1
configure:3549: checking whether the C compiler works
configure:3571: cc -O3 -g   conftest.c  >&5
configure:3575: $? = 0
configure:3623: result: yes
configure:3626: checking for C compiler default output file name
configure:3628: result: a.out
configure:3634: checking for suffix of executables
configure:3641: cc -o conftest -O3 -g   conftest.c  >&5
configure:3645: $? = 0
configure:3667: result: 
configure:3689: checking whether we are cross compiling
configure:3697: cc -o conftest -O3 -g   conftest.c  >&5
configure:3701: $? = 0
configure:3708: ./conftest
configure:3712: $? = 0
configure:3727: result: no
configure:3732: checking for suffix of object files
configure:3754: cc -c -O3 -g  conftest.c >&5
configure:3758: $? = 0
configure:3779: result: o
configure:3783: checking whether we are using the GNU C compiler
configure:3802: cc -c -O3 -g  conftest.c >&5
configure:3802: $? = 0
configure:3811: result: yes
configure:3820: checking whether cc accepts -g
configure:3840: cc -c -g  conftest.c >&5
configure:3840: $? = 0
configure:3881: result: yes
configure:3898: checking for cc option to accept ISO C89
configure:3961: cc  -c -O3 -g  conftest.c >&5
configure:3961: $? = 0
configure:3974: result: none needed
configure:3999: checking whether cc understands -c and -o together
configure:4021: cc -c conftest.c -o conftest2.o
configure:4024: $? = 0
configure:4021: cc -c conftest.c -o conftest2.o
configure:4024: $? = 0
configure:4036: result: yes
configure:4064: checking for style of include used by make
configure:4092: result: GNU
configure:4118: checking dependency style of cc
configure:4229: result: gcc3
configure:4302: checking for c++
configure:4318: found /usr/bin/c++
configure:4329: result: c++
configure:4356: checking for C++ compiler version
configure:4365: c++ --version >&5
c++ (Ubuntu 7.5.0-3ubuntu1~18.04) 7.5.0
Copyright (C) 2017 Free Software Foundation, Inc.
This is free software; see the source for copying conditions.  There is NO
warranty; not even for MERCHANTABILITY or FITNESS FOR A PARTICULAR PURPOSE.

configure:4376: $? = 0
configure:4365: c++ -v >&5
Using built-in specs.
COLLECT_GCC=c++
COLLECT_LTO_WRAPPER=/usr/lib/gcc/x86_64-linux-gnu/7/lto-wrapper
OFFLOAD_TARGET_NAMES=nvptx-none
OFFLOAD_TARGET_DEFAULT=1
Target: x86_64-linux-gnu
Configured with: ../src/configure -v --with-pkgversion='Ubuntu 7.5.0-3ubuntu1~18.04' --with-bugurl=file:///usr/share/doc/gcc-7/README.Bugs --enable-languages=c,ada,c++,go,brig,d,fortran,objc,obj-c++ --prefix=/usr --with-gcc-major-version-only --program-suffix=-7 --program-prefix=x86_64-linux-gnu- --enable-shared --enable-linker-build-id --libexecdir=/usr/lib --without-included-gettext --enable-threads=posix --libdir=/usr/lib --enable-nls --enable-bootstrap --enable-clocale=gnu --enable-libstdcxx-debug --enable-libstdcxx-time=yes --with-default-libstdcxx-abi=new --enable-gnu-unique-object --disable-vtable-verify --enable-libmpx --enable-plugin --enable-default-pie --with-system-zlib --with-target-system-zlib --enable-objc-gc=auto --enable-multiarch --disable-werror --with-arch-32=i686 --with-abi=m64 --with-multilib-list=m32,m64,mx32 --enable-multilib --with-tune=generic --enable-offload-targets=nvptx-none --without-cuda-driver --enable-checking=release --build=x86_64-linux-gnu --host=x86_64-linux-gnu --target=x86_64-linux-gnu
Thread model: posix
gcc version 7.5.0 (Ubuntu 7.5.0-3ubuntu1~18.04) 
configure:4376: $? = 0
configure:4365: c++ -V >&5
c++: error: unrecognized command line option '-V'
c++: fatal error: no input files
compilation terminated.
configure:4376: $? = 1
configure:4365: c++ -qversion >&5
c++: error: unrecognized command line option '-qversion'; did you mean '--version'?
c++: fatal error: no input files
compilation terminated.
configure:4376: $? = 1
configure:4380: checking whether we are using the GNU C++ compiler
configure:4399: c++ -c -O3 -g  conftest.cpp >&5
configure:4399: $? = 0
configure:4408: result: yes
configure:4417: checking whether c++ accepts -g
configure:4437: c++ -c -g  conftest.cpp >&5
configure:4437: $? = 0
configure:4478: result: yes
configure:4503: checking dependency style of c++
configure:4614: result: gcc3
configure:4638: checking dependency style of cc
configure:4747: result: gcc3
configure:4770: checking whether the C++ compiler works
configure:4792: c++ -o conftest -O3 -g   conftest.cpp  >&5
configure:4792: $? = 0
configure:4806: result: yes
configure:4852: checking build system type
configure:4866: result: x86_64-pc-linux-gnu
configure:4886: checking host system type
configure:4899: result: x86_64-pc-linux-gnu
configure:4940: checking how to print strings
configure:4967: result: printf
configure:4988: checking for a sed that does not truncate output
configure:5052: result: /bin/sed
configure:5070: checking for grep that handles long lines and -e
configure:5128: result: /bin/grep
configure:5133: checking for egrep
configure:5195: result: /bin/grep -E
configure:5200: checking for fgrep
configure:5262: result: /bin/grep -F
configure:5297: checking for ld used by cc
configure:5364: result: /usr/bin/ld
configure:5371: checking if the linker (/usr/bin/ld) is GNU ld
configure:5386: result: yes
configure:5398: checking for BSD- or MS-compatible name lister (nm)
configure:5452: result: /usr/bin/nm -B
configure:5582: checking the name lister (/usr/bin/nm -B) interface
configure:5589: cc -c -O3 -g  conftest.c >&5
configure:5592: /usr/bin/nm -B "conftest.o"
configure:5595: output
0000000000000000 B some_variable
configure:5602: result: BSD nm
configure:5605: checking whether ln -s works
configure:5609: result: yes
configure:5617: checking the maximum length of command line arguments
configure:5748: result: 1572864
configure:5796: checking how to convert x86_64-pc-linux-gnu file names to x86_64-pc-linux-gnu format
configure:5836: result: func_convert_file_noop
configure:5843: checking how to convert x86_64-pc-linux-gnu file names to toolchain format
configure:5863: result: func_convert_file_noop
configure:5870: checking for /usr/bin/ld option to reload object files
configure:5877: result: -r
configure:5951: checking for objdump
configure:5967: found /usr/bin/objdump
configure:5978: result: objdump
configure:6010: checking how to recognize dependent libraries
configure:6210: result: pass_all
configure:6295: checking for dlltool
configure:6325: result: no
configure:6355: checking how to associate runtime and link libraries
configure:6382: result: printf %s\n
configure:6443: checking for ar
configure:6459: found /usr/bin/ar
configure:6470: result: ar
configure:6507: checking for archiver @FILE support
configure:6524: cc -c -O3 -g  conftest.c >&5
configure:6524: $? = 0
configure:6527: ar cru libconftest.a @conftest.lst >&5
ar: `u' modifier ignored since `D' is the default (see `U')
configure:6530: $? = 0
configure:6535: ar cru libconftest.a @conftest.lst >&5
ar: `u' modifier ignored since `D' is the default (see `U')
ar: conftest.o: No such file or directory
configure:6538: $? = 1
configure:6550: result: @
configure:6608: checking for strip
configure:6624: found /usr/bin/strip
configure:6635: result: strip
configure:6707: checking for ranlib
configure:6723: found /usr/bin/ranlib
configure:6734: result: ranlib
configure:6836: checking command to parse /usr/bin/nm -B output from cc object
configure:6989: cc -c -O3 -g  conftest.c >&5
configure:6992: $? = 0
configure:6996: /usr/bin/nm -B conftest.o \| sed -n -e 's/^.*[ ]\([ABCDGIRSTW][ABCDGIRSTW]*\)[ ][ ]*\([_A-Za-z][_A-Za-z0-9]*\)$/\1 \2 \2/p' | sed '/ __gnu_lto/d' \> conftest.nm
configure:6999: $? = 0
configure:7065: cc -o conftest -O3 -g   conftest.c conftstm.o >&5
configure:7068: $? = 0
configure:7106: result: ok
configure:7153: checking for sysroot
configure:7183: result: no
configure:7190: checking for a working dd
configure:7228: result: /bin/dd
configure:7232: checking how to truncate binary pipes
configure:7247: result: /bin/dd bs=4096 count=1
configure:7383: cc -c -O3 -g  conftest.c >&5
configure:7386: $? = 0
configure:7576: checking for mt
configure:7592: found /bin/mt
configure:7603: result: mt
configure:7626: checking if mt is a manifest tool
configure:7632: mt '-?'
configure:7640: result: no
configure:8317: checking how to run the C preprocessor
configure:8348: cc -E  conftest.c
configure:8348: $? = 0
configure:8362: cc -E  conftest.c
conftest.c:11:10: fatal error: ac_nonexistent.h: No such file or directory
 #include <ac_nonexistent.h>
          ^~~~~~~~~~~~~~~~~~
compilation terminated.
configure:8362: $? = 1
configure: failed program was:
| /* confdefs.h */
| #define PACKAGE_NAME "WiredTiger"
| #define PACKAGE_TARNAME "wiredtiger"
| #define PACKAGE_VERSION "10.0.0"
| #define PACKAGE_STRING "WiredTiger 10.0.0"
| #define PACKAGE_BUGREPORT "support@wiredtiger.com"
| #define PACKAGE_URL ""
| #define PACKAGE "wiredtiger"
| #define VERSION "10.0.0"
| /* end confdefs.h.  */
| #include <ac_nonexistent.h>
configure:8387: result: cc -E
configure:8407: cc -E  conftest.c
configure:8407: $? = 0
configure:8421: cc -E  conftest.c
conftest.c:11:10: fatal error: ac_nonexistent.h: No such file or directory
 #include <ac_nonexistent.h>
          ^~~~~~~~~~~~~~~~~~
compilation terminated.
configure:8421: $? = 1
configure: failed program was:
| /* confdefs.h */
| #define PACKAGE_NAME "WiredTiger"
| #define PACKAGE_TARNAME "wiredtiger"
| #define PACKAGE_VERSION "10.0.0"
| #define PACKAGE_STRING "WiredTiger 10.0.0"
| #define PACKAGE_BUGREPORT "support@wiredtiger.com"
| #define PACKAGE_URL ""
| #define PACKAGE "wiredtiger"
| #define VERSION "10.0.0"
| /* end confdefs.h.  */
| #include <ac_nonexistent.h>
configure:8450: checking for ANSI C header files
configure:8470: cc -c -O3 -g  conftest.c >&5
configure:8470: $? = 0
configure:8543: cc -o conftest -O3 -g   conftest.c  >&5
configure:8543: $? = 0
configure:8543: ./conftest
configure:8543: $? = 0
configure:8554: result: yes
configure:8567: checking for sys/types.h
configure:8567: cc -c -O3 -g  conftest.c >&5
configure:8567: $? = 0
configure:8567: result: yes
configure:8567: checking for sys/stat.h
configure:8567: cc -c -O3 -g  conftest.c >&5
configure:8567: $? = 0
configure:8567: result: yes
configure:8567: checking for stdlib.h
configure:8567: cc -c -O3 -g  conftest.c >&5
configure:8567: $? = 0
configure:8567: result: yes
configure:8567: checking for string.h
configure:8567: cc -c -O3 -g  conftest.c >&5
configure:8567: $? = 0
configure:8567: result: yes
configure:8567: checking for memory.h
configure:8567: cc -c -O3 -g  conftest.c >&5
configure:8567: $? = 0
configure:8567: result: yes
configure:8567: checking for strings.h
configure:8567: cc -c -O3 -g  conftest.c >&5
configure:8567: $? = 0
configure:8567: result: yes
configure:8567: checking for inttypes.h
configure:8567: cc -c -O3 -g  conftest.c >&5
configure:8567: $? = 0
configure:8567: result: yes
configure:8567: checking for stdint.h
configure:8567: cc -c -O3 -g  conftest.c >&5
configure:8567: $? = 0
configure:8567: result: yes
configure:8567: checking for unistd.h
configure:8567: cc -c -O3 -g  conftest.c >&5
configure:8567: $? = 0
configure:8567: result: yes
configure:8581: checking for dlfcn.h
configure:8581: cc -c -O3 -g  conftest.c >&5
configure:8581: $? = 0
configure:8581: result: yes
configure:8846: checking for objdir
configure:8861: result: .libs
configure:9125: checking if cc supports -fno-rtti -fno-exceptions
configure:9143: cc -c -O3 -g  -fno-rtti -fno-exceptions conftest.c >&5
cc1: warning: command line option '-fno-rtti' is valid for C++/ObjC++ but not for C
configure:9147: $? = 0
configure:9160: result: no
configure:9518: checking for cc option to produce PIC
configure:9525: result: -fPIC -DPIC
configure:9533: checking if cc PIC flag -fPIC -DPIC works
configure:9551: cc -c -O3 -g  -fPIC -DPIC -DPIC conftest.c >&5
configure:9555: $? = 0
configure:9568: result: yes
configure:9597: checking if cc static flag -static works
configure:9625: result: yes
configure:9640: checking if cc supports -c -o file.o
configure:9661: cc -c -O3 -g  -o out/conftest2.o conftest.c >&5
configure:9665: $? = 0
configure:9687: result: yes
configure:9695: checking if cc supports -c -o file.o
configure:9742: result: yes
configure:9775: checking whether the cc linker (/usr/bin/ld -m elf_x86_64) supports shared libraries
configure:11038: result: yes
configure:11075: checking whether -lc should be explicitly linked in
configure:11083: cc -c -O3 -g  conftest.c >&5
configure:11086: $? = 0
configure:11101: cc -shared  -fPIC -DPIC conftest.o  -v -Wl,-soname -Wl,conftest -o conftest 2\>\&1 \| /bin/grep  -lc  \>/dev/null 2\>\&1
configure:11104: $? = 0
configure:11118: result: no
configure:11278: checking dynamic linker characteristics
configure:11859: cc -o conftest -O3 -g   -Wl,-rpath -Wl,/foo conftest.c  >&5
configure:11859: $? = 0
configure:12108: result: GNU/Linux ld.so
configure:12230: checking how to hardcode library paths into programs
configure:12255: result: immediate
configure:12803: checking whether stripping libraries is possible
configure:12808: result: yes
configure:12843: checking if libtool supports shared libraries
configure:12845: result: yes
configure:12848: checking whether to build shared libraries
configure:12873: result: yes
configure:12876: checking whether to build static libraries
configure:12880: result: yes
configure:12903: checking how to run the C++ preprocessor
configure:12930: c++ -E  conftest.cpp
configure:12930: $? = 0
configure:12944: c++ -E  conftest.cpp
conftest.cpp:23:10: fatal error: ac_nonexistent.h: No such file or directory
 #include <ac_nonexistent.h>
          ^~~~~~~~~~~~~~~~~~
compilation terminated.
configure:12944: $? = 1
configure: failed program was:
| /* confdefs.h */
| #define PACKAGE_NAME "WiredTiger"
| #define PACKAGE_TARNAME "wiredtiger"
| #define PACKAGE_VERSION "10.0.0"
| #define PACKAGE_STRING "WiredTiger 10.0.0"
| #define PACKAGE_BUGREPORT "support@wiredtiger.com"
| #define PACKAGE_URL ""
| #define PACKAGE "wiredtiger"
| #define VERSION "10.0.0"
| #define STDC_HEADERS 1
| #define HAVE_SYS_TYPES_H 1
| #define HAVE_SYS_STAT_H 1
| #define HAVE_STDLIB_H 1
| #define HAVE_STRING_H 1
| #define HAVE_MEMORY_H 1
| #define HAVE_STRINGS_H 1
| #define HAVE_INTTYPES_H 1
| #define HAVE_STDINT_H 1
| #define HAVE_UNISTD_H 1
| #define HAVE_DLFCN_H 1
| #define LT_OBJDIR ".libs/"
| /* end confdefs.h.  */
| #include <ac_nonexistent.h>
configure:12969: result: c++ -E
configure:12989: c++ -E  conftest.cpp
configure:12989: $? = 0
configure:13003: c++ -E  conftest.cpp
conftest.cpp:23:10: fatal error: ac_nonexistent.h: No such file or directory
 #include <ac_nonexistent.h>
          ^~~~~~~~~~~~~~~~~~
compilation terminated.
configure:13003: $? = 1
configure: failed program was:
| /* confdefs.h */
| #define PACKAGE_NAME "WiredTiger"
| #define PACKAGE_TARNAME "wiredtiger"
| #define PACKAGE_VERSION "10.0.0"
| #define PACKAGE_STRING "WiredTiger 10.0.0"
| #define PACKAGE_BUGREPORT "support@wiredtiger.com"
| #define PACKAGE_URL ""
| #define PACKAGE "wiredtiger"
| #define VERSION "10.0.0"
| #define STDC_HEADERS 1
| #define HAVE_SYS_TYPES_H 1
| #define HAVE_SYS_STAT_H 1
| #define HAVE_STDLIB_H 1
| #define HAVE_STRING_H 1
| #define HAVE_MEMORY_H 1
| #define HAVE_STRINGS_H 1
| #define HAVE_INTTYPES_H 1
| #define HAVE_STDINT_H 1
| #define HAVE_UNISTD_H 1
| #define HAVE_DLFCN_H 1
| #define LT_OBJDIR ".libs/"
| /* end confdefs.h.  */
| #include <ac_nonexistent.h>
configure:13165: checking for ld used by c++
configure:13232: result: /usr/bin/ld -m elf_x86_64
configure:13239: checking if the linker (/usr/bin/ld -m elf_x86_64) is GNU ld
configure:13254: result: yes
configure:13309: checking whether the c++ linker (/usr/bin/ld -m elf_x86_64) supports shared libraries
configure:14382: result: yes
configure:14418: c++ -c -O3 -g  conftest.cpp >&5
configure:14421: $? = 0
configure:14902: checking for c++ option to produce PIC
configure:14909: result: -fPIC -DPIC
configure:14917: checking if c++ PIC flag -fPIC -DPIC works
configure:14935: c++ -c -O3 -g  -fPIC -DPIC -DPIC conftest.cpp >&5
configure:14939: $? = 0
configure:14952: result: yes
configure:14975: checking if c++ static flag -static works
configure:15003: result: yes
configure:15015: checking if c++ supports -c -o file.o
configure:15036: c++ -c -O3 -g  -o out/conftest2.o conftest.cpp >&5
configure:15040: $? = 0
configure:15062: result: yes
configure:15067: checking if c++ supports -c -o file.o
configure:15114: result: yes
configure:15144: checking whether the c++ linker (/usr/bin/ld -m elf_x86_64) supports shared libraries
configure:15187: result: yes
configure:15328: checking dynamic linker characteristics
configure:16085: result: GNU/Linux ld.so
configure:16150: checking how to hardcode library paths into programs
configure:16175: result: immediate
configure:16352: checking whether C compiler accepts -std=c11
configure:16371: cc -c -O3 -g  -std=c11  conftest.c >&5
configure:16371: $? = 0
configure:16379: result: yes
configure:16419: checking if --enable-attach option specified
configure:16434: result: no
configure:16441: checking if --with-builtins option specified
configure:16503: result: 
configure:16507: checking if --enable-diagnostic option specified
configure:16522: result: no
configure:16525: checking if --enable-java option specified
configure:16541: result: no
configure:16552: checking if --enable-python option specified
configure:16568: result: no
configure:16579: checking if --with-python-prefix option specified
configure:16587: result: 
configure:16590: checking if --enable-snappy option specified
configure:16611: result: no
configure:16679: checking if --enable-lz4 option specified
configure:16700: result: no
configure:16768: checking if --enable-tcmalloc option specified
configure:16781: result: no
configure:16850: checking if --with-spinlock option specified
configure:16871: result: pthread
configure:16874: checking if --enable-strict option specified
configure:16887: result: no
configure:16890: checking if --enable-zlib option specified
configure:16911: result: no
configure:16979: checking if --enable-zstd option specified
configure:17000: result: no
configure:17069: checking if --disable-crc32-hardware option specified
configure:17085: result: no
configure:17089: checking if --enable-llvm option specified
configure:17102: result: no
configure:18531: checking for FILE *
configure:18531: cc -c -O3 -g  conftest.c >&5
configure:18531: $? = 0
configure:18531: cc -c -O3 -g  conftest.c >&5
conftest.c: In function 'main':
conftest.c:35:21: error: expected expression before ')' token
 if (sizeof ((FILE *)))
                     ^
configure:18531: $? = 1
configure: failed program was:
| /* confdefs.h */
| #define PACKAGE_NAME "WiredTiger"
| #define PACKAGE_TARNAME "wiredtiger"
| #define PACKAGE_VERSION "10.0.0"
| #define PACKAGE_STRING "WiredTiger 10.0.0"
| #define PACKAGE_BUGREPORT "support@wiredtiger.com"
| #define PACKAGE_URL ""
| #define PACKAGE "wiredtiger"
| #define VERSION "10.0.0"
| #define STDC_HEADERS 1
| #define HAVE_SYS_TYPES_H 1
| #define HAVE_SYS_STAT_H 1
| #define HAVE_STDLIB_H 1
| #define HAVE_STRING_H 1
| #define HAVE_MEMORY_H 1
| #define HAVE_STRINGS_H 1
| #define HAVE_INTTYPES_H 1
| #define HAVE_STDINT_H 1
| #define HAVE_UNISTD_H 1
| #define HAVE_DLFCN_H 1
| #define LT_OBJDIR ".libs/"
| #define SPINLOCK_TYPE SPINLOCK_PTHREAD_MUTEX
| /* end confdefs.h.  */
| 
| #include <sys/types.h>
| #include <inttypes.h>
| #include <stdarg.h>
| #include <stdbool.h>
| #include <stdint.h>
| #include <stdio.h>
| 
| int
| main ()
| {
| if (sizeof ((FILE *)))
| 	    return 0;
|   ;
|   return 0;
| }
configure:18531: result: yes
configure:18540: checking for pid_t
configure:18540: cc -c -O3 -g  conftest.c >&5
configure:18540: $? = 0
configure:18540: cc -c -O3 -g  conftest.c >&5
conftest.c: In function 'main':
conftest.c:35:20: error: expected expression before ')' token
 if (sizeof ((pid_t)))
                    ^
configure:18540: $? = 1
configure: failed program was:
| /* confdefs.h */
| #define PACKAGE_NAME "WiredTiger"
| #define PACKAGE_TARNAME "wiredtiger"
| #define PACKAGE_VERSION "10.0.0"
| #define PACKAGE_STRING "WiredTiger 10.0.0"
| #define PACKAGE_BUGREPORT "support@wiredtiger.com"
| #define PACKAGE_URL ""
| #define PACKAGE "wiredtiger"
| #define VERSION "10.0.0"
| #define STDC_HEADERS 1
| #define HAVE_SYS_TYPES_H 1
| #define HAVE_SYS_STAT_H 1
| #define HAVE_STDLIB_H 1
| #define HAVE_STRING_H 1
| #define HAVE_MEMORY_H 1
| #define HAVE_STRINGS_H 1
| #define HAVE_INTTYPES_H 1
| #define HAVE_STDINT_H 1
| #define HAVE_UNISTD_H 1
| #define HAVE_DLFCN_H 1
| #define LT_OBJDIR ".libs/"
| #define SPINLOCK_TYPE SPINLOCK_PTHREAD_MUTEX
| /* end confdefs.h.  */
| 
| #include <sys/types.h>
| #include <inttypes.h>
| #include <stdarg.h>
| #include <stdbool.h>
| #include <stdint.h>
| #include <stdio.h>
| 
| int
| main ()
| {
| if (sizeof ((pid_t)))
| 	    return 0;
|   ;
|   return 0;
| }
configure:18540: result: yes
configure:18549: checking for size_t
configure:18549: cc -c -O3 -g  conftest.c >&5
configure:18549: $? = 0
configure:18549: cc -c -O3 -g  conftest.c >&5
conftest.c: In function 'main':
conftest.c:35:21: error: expected expression before ')' token
 if (sizeof ((size_t)))
                     ^
configure:18549: $? = 1
configure: failed program was:
| /* confdefs.h */
| #define PACKAGE_NAME "WiredTiger"
| #define PACKAGE_TARNAME "wiredtiger"
| #define PACKAGE_VERSION "10.0.0"
| #define PACKAGE_STRING "WiredTiger 10.0.0"
| #define PACKAGE_BUGREPORT "support@wiredtiger.com"
| #define PACKAGE_URL ""
| #define PACKAGE "wiredtiger"
| #define VERSION "10.0.0"
| #define STDC_HEADERS 1
| #define HAVE_SYS_TYPES_H 1
| #define HAVE_SYS_STAT_H 1
| #define HAVE_STDLIB_H 1
| #define HAVE_STRING_H 1
| #define HAVE_MEMORY_H 1
| #define HAVE_STRINGS_H 1
| #define HAVE_INTTYPES_H 1
| #define HAVE_STDINT_H 1
| #define HAVE_UNISTD_H 1
| #define HAVE_DLFCN_H 1
| #define LT_OBJDIR ".libs/"
| #define SPINLOCK_TYPE SPINLOCK_PTHREAD_MUTEX
| /* end confdefs.h.  */
| 
| #include <sys/types.h>
| #include <inttypes.h>
| #include <stdarg.h>
| #include <stdbool.h>
| #include <stdint.h>
| #include <stdio.h>
| 
| int
| main ()
| {
| if (sizeof ((size_t)))
| 	    return 0;
|   ;
|   return 0;
| }
configure:18549: result: yes
configure:18558: checking for ssize_t
configure:18558: cc -c -O3 -g  conftest.c >&5
configure:18558: $? = 0
configure:18558: cc -c -O3 -g  conftest.c >&5
conftest.c: In function 'main':
conftest.c:35:22: error: expected expression before ')' token
 if (sizeof ((ssize_t)))
                      ^
configure:18558: $? = 1
configure: failed program was:
| /* confdefs.h */
| #define PACKAGE_NAME "WiredTiger"
| #define PACKAGE_TARNAME "wiredtiger"
| #define PACKAGE_VERSION "10.0.0"
| #define PACKAGE_STRING "WiredTiger 10.0.0"
| #define PACKAGE_BUGREPORT "support@wiredtiger.com"
| #define PACKAGE_URL ""
| #define PACKAGE "wiredtiger"
| #define VERSION "10.0.0"
| #define STDC_HEADERS 1
| #define HAVE_SYS_TYPES_H 1
| #define HAVE_SYS_STAT_H 1
| #define HAVE_STDLIB_H 1
| #define HAVE_STRING_H 1
| #define HAVE_MEMORY_H 1
| #define HAVE_STRINGS_H 1
| #define HAVE_INTTYPES_H 1
| #define HAVE_STDINT_H 1
| #define HAVE_UNISTD_H 1
| #define HAVE_DLFCN_H 1
| #define LT_OBJDIR ".libs/"
| #define SPINLOCK_TYPE SPINLOCK_PTHREAD_MUTEX
| /* end confdefs.h.  */
| 
| #include <sys/types.h>
| #include <inttypes.h>
| #include <stdarg.h>
| #include <stdbool.h>
| #include <stdint.h>
| #include <stdio.h>
| 
| int
| main ()
| {
| if (sizeof ((ssize_t)))
| 	    return 0;
|   ;
|   return 0;
| }
configure:18558: result: yes
configure:18567: checking for time_t
configure:18567: cc -c -O3 -g  conftest.c >&5
configure:18567: $? = 0
configure:18567: cc -c -O3 -g  conftest.c >&5
conftest.c: In function 'main':
conftest.c:35:21: error: expected expression before ')' token
 if (sizeof ((time_t)))
                     ^
configure:18567: $? = 1
configure: failed program was:
| /* confdefs.h */
| #define PACKAGE_NAME "WiredTiger"
| #define PACKAGE_TARNAME "wiredtiger"
| #define PACKAGE_VERSION "10.0.0"
| #define PACKAGE_STRING "WiredTiger 10.0.0"
| #define PACKAGE_BUGREPORT "support@wiredtiger.com"
| #define PACKAGE_URL ""
| #define PACKAGE "wiredtiger"
| #define VERSION "10.0.0"
| #define STDC_HEADERS 1
| #define HAVE_SYS_TYPES_H 1
| #define HAVE_SYS_STAT_H 1
| #define HAVE_STDLIB_H 1
| #define HAVE_STRING_H 1
| #define HAVE_MEMORY_H 1
| #define HAVE_STRINGS_H 1
| #define HAVE_INTTYPES_H 1
| #define HAVE_STDINT_H 1
| #define HAVE_UNISTD_H 1
| #define HAVE_DLFCN_H 1
| #define LT_OBJDIR ".libs/"
| #define SPINLOCK_TYPE SPINLOCK_PTHREAD_MUTEX
| /* end confdefs.h.  */
| 
| #include <sys/types.h>
| #include <inttypes.h>
| #include <stdarg.h>
| #include <stdbool.h>
| #include <stdint.h>
| #include <stdio.h>
| 
| int
| main ()
| {
| if (sizeof ((time_t)))
| 	    return 0;
|   ;
|   return 0;
| }
configure:18567: result: yes
configure:18579: checking for off_t
configure:18579: cc -c -O3 -g  conftest.c >&5
configure:18579: $? = 0
configure:18579: cc -c -O3 -g  conftest.c >&5
conftest.c: In function 'main':
conftest.c:35:20: error: expected expression before ')' token
 if (sizeof ((off_t)))
                    ^
configure:18579: $? = 1
configure: failed program was:
| /* confdefs.h */
| #define PACKAGE_NAME "WiredTiger"
| #define PACKAGE_TARNAME "wiredtiger"
| #define PACKAGE_VERSION "10.0.0"
| #define PACKAGE_STRING "WiredTiger 10.0.0"
| #define PACKAGE_BUGREPORT "support@wiredtiger.com"
| #define PACKAGE_URL ""
| #define PACKAGE "wiredtiger"
| #define VERSION "10.0.0"
| #define STDC_HEADERS 1
| #define HAVE_SYS_TYPES_H 1
| #define HAVE_SYS_STAT_H 1
| #define HAVE_STDLIB_H 1
| #define HAVE_STRING_H 1
| #define HAVE_MEMORY_H 1
| #define HAVE_STRINGS_H 1
| #define HAVE_INTTYPES_H 1
| #define HAVE_STDINT_H 1
| #define HAVE_UNISTD_H 1
| #define HAVE_DLFCN_H 1
| #define LT_OBJDIR ".libs/"
| #define SPINLOCK_TYPE SPINLOCK_PTHREAD_MUTEX
| /* end confdefs.h.  */
| 
| #include <sys/types.h>
| #include <inttypes.h>
| #include <stdarg.h>
| #include <stdbool.h>
| #include <stdint.h>
| #include <stdio.h>
| 
| int
| main ()
| {
| if (sizeof ((off_t)))
| 	    return 0;
|   ;
|   return 0;
| }
configure:18579: result: yes
configure:18591: checking for uintmax_t
configure:18591: cc -c -O3 -g  conftest.c >&5
configure:18591: $? = 0
configure:18591: cc -c -O3 -g  conftest.c >&5
conftest.c: In function 'main':
conftest.c:60:24: error: expected expression before ')' token
 if (sizeof ((uintmax_t)))
                        ^
configure:18591: $? = 1
configure: failed program was:
| /* confdefs.h */
| #define PACKAGE_NAME "WiredTiger"
| #define PACKAGE_TARNAME "wiredtiger"
| #define PACKAGE_VERSION "10.0.0"
| #define PACKAGE_STRING "WiredTiger 10.0.0"
| #define PACKAGE_BUGREPORT "support@wiredtiger.com"
| #define PACKAGE_URL ""
| #define PACKAGE "wiredtiger"
| #define VERSION "10.0.0"
| #define STDC_HEADERS 1
| #define HAVE_SYS_TYPES_H 1
| #define HAVE_SYS_STAT_H 1
| #define HAVE_STDLIB_H 1
| #define HAVE_STRING_H 1
| #define HAVE_MEMORY_H 1
| #define HAVE_STRINGS_H 1
| #define HAVE_INTTYPES_H 1
| #define HAVE_STDINT_H 1
| #define HAVE_UNISTD_H 1
| #define HAVE_DLFCN_H 1
| #define LT_OBJDIR ".libs/"
| #define SPINLOCK_TYPE SPINLOCK_PTHREAD_MUTEX
| /* end confdefs.h.  */
| #include <stdio.h>
| #ifdef HAVE_SYS_TYPES_H
| # include <sys/types.h>
| #endif
| #ifdef HAVE_SYS_STAT_H
| # include <sys/stat.h>
| #endif
| #ifdef STDC_HEADERS
| # include <stdlib.h>
| # include <stddef.h>
| #else
| # ifdef HAVE_STDLIB_H
| #  include <stdlib.h>
| # endif
| #endif
| #ifdef HAVE_STRING_H
| # if !defined STDC_HEADERS && defined HAVE_MEMORY_H
| #  include <memory.h>
| # endif
| # include <string.h>
| #endif
| #ifdef HAVE_STRINGS_H
| # include <strings.h>
| #endif
| #ifdef HAVE_INTTYPES_H
| # include <inttypes.h>
| #endif
| #ifdef HAVE_STDINT_H
| # include <stdint.h>
| #endif
| #ifdef HAVE_UNISTD_H
| # include <unistd.h>
| #endif
| int
| main ()
| {
| if (sizeof ((uintmax_t)))
| 	    return 0;
|   ;
|   return 0;
| }
configure:18591: result: yes
configure:18607: checking for uintptr_t
configure:18607: cc -c -O3 -g  conftest.c >&5
configure:18607: $? = 0
configure:18607: cc -c -O3 -g  conftest.c >&5
conftest.c: In function 'main':
conftest.c:35:24: error: expected expression before ')' token
 if (sizeof ((uintptr_t)))
                        ^
configure:18607: $? = 1
configure: failed program was:
| /* confdefs.h */
| #define PACKAGE_NAME "WiredTiger"
| #define PACKAGE_TARNAME "wiredtiger"
| #define PACKAGE_VERSION "10.0.0"
| #define PACKAGE_STRING "WiredTiger 10.0.0"
| #define PACKAGE_BUGREPORT "support@wiredtiger.com"
| #define PACKAGE_URL ""
| #define PACKAGE "wiredtiger"
| #define VERSION "10.0.0"
| #define STDC_HEADERS 1
| #define HAVE_SYS_TYPES_H 1
| #define HAVE_SYS_STAT_H 1
| #define HAVE_STDLIB_H 1
| #define HAVE_STRING_H 1
| #define HAVE_MEMORY_H 1
| #define HAVE_STRINGS_H 1
| #define HAVE_INTTYPES_H 1
| #define HAVE_STDINT_H 1
| #define HAVE_UNISTD_H 1
| #define HAVE_DLFCN_H 1
| #define LT_OBJDIR ".libs/"
| #define SPINLOCK_TYPE SPINLOCK_PTHREAD_MUTEX
| /* end confdefs.h.  */
| 
| #include <sys/types.h>
| #include <inttypes.h>
| #include <stdarg.h>
| #include <stdbool.h>
| #include <stdint.h>
| #include <stdio.h>
| 
| int
| main ()
| {
| if (sizeof ((uintptr_t)))
| 	    return 0;
|   ;
|   return 0;
| }
configure:18607: result: yes
configure:18621: checking x86intrin.h usability
configure:18621: cc -c -O3 -g  conftest.c >&5
configure:18621: $? = 0
configure:18621: result: yes
configure:18621: checking x86intrin.h presence
configure:18621: cc -E  conftest.c
configure:18621: $? = 0
configure:18621: result: yes
configure:18621: checking for x86intrin.h
configure:18621: result: yes
configure:18631: checking for pthread_create in -lpthread
configure:18656: cc -o conftest -O3 -g   conftest.c -lpthread   >&5
configure:18656: $? = 0
configure:18665: result: yes
configure:18676: checking for dlopen in -ldl
configure:18701: cc -o conftest -O3 -g   conftest.c -ldl  -lpthread  >&5
configure:18701: $? = 0
configure:18710: result: yes
configure:18721: checking for sched_yield in -lrt
configure:18746: cc -o conftest -O3 -g   conftest.c -lrt  -ldl -lpthread  >&5
configure:18746: $? = 0
configure:18755: result: yes
configure:18772: checking for clock_gettime
configure:18772: cc -o conftest -O3 -g   conftest.c -lrt -ldl -lpthread  >&5
configure:18772: $? = 0
configure:18772: result: yes
configure:18772: checking for fallocate
configure:18772: cc -o conftest -O3 -g   conftest.c -lrt -ldl -lpthread  >&5
configure:18772: $? = 0
configure:18772: result: yes
configure:18772: checking for ftruncate
configure:18772: cc -o conftest -O3 -g   conftest.c -lrt -ldl -lpthread  >&5
configure:18772: $? = 0
configure:18772: result: yes
configure:18772: checking for gettimeofday
configure:18772: cc -o conftest -O3 -g   conftest.c -lrt -ldl -lpthread  >&5
configure:18772: $? = 0
configure:18772: result: yes
configure:18772: checking for posix_fadvise
configure:18772: cc -o conftest -O3 -g   conftest.c -lrt -ldl -lpthread  >&5
configure:18772: $? = 0
configure:18772: result: yes
configure:18772: checking for posix_fallocate
configure:18772: cc -o conftest -O3 -g   conftest.c -lrt -ldl -lpthread  >&5
configure:18772: $? = 0
configure:18772: result: yes
configure:18772: checking for posix_madvise
configure:18772: cc -o conftest -O3 -g   conftest.c -lrt -ldl -lpthread  >&5
configure:18772: $? = 0
configure:18772: result: yes
configure:18772: checking for setrlimit
configure:18772: cc -o conftest -O3 -g   conftest.c -lrt -ldl -lpthread  >&5
configure:18772: $? = 0
configure:18772: result: yes
configure:18772: checking for strtouq
configure:18772: cc -o conftest -O3 -g   conftest.c -lrt -ldl -lpthread  >&5
configure:18772: $? = 0
configure:18772: result: yes
configure:18772: checking for sync_file_range
configure:18772: cc -o conftest -O3 -g   conftest.c -lrt -ldl -lpthread  >&5
configure:18772: $? = 0
configure:18772: result: yes
configure:18772: checking for timer_create
configure:18772: cc -o conftest -O3 -g   conftest.c -lrt -ldl -lpthread  >&5
configure:18772: $? = 0
configure:18772: result: yes
configure:18789: checking for fdatasync
configure:18789: cc -o conftest -O3 -g   conftest.c -lrt -ldl -lpthread  >&5
configure:18789: $? = 0
configure:18789: result: yes
configure:18802: checking for working posix_memalign
configure:18826: cc -o conftest -O3 -g   conftest.c -lrt -ldl -lpthread  >&5
configure:18826: $? = 0
configure:18826: ./conftest
configure:18826: $? = 0
configure:18836: result: yes
configure:18846: checking for condition waits with monotonic clock support
configure:18883: cc -o conftest -O3 -g   conftest.c -lrt -ldl -lpthread  >&5
configure:18883: $? = 0
configure:18883: ./conftest
configure:18883: $? = 0
configure:18893: result: 
configure:18895: result: yes
configure:18910: checking for special C compiler options needed for large files
configure:18955: result: no
configure:18961: checking for _FILE_OFFSET_BITS value needed for large files
configure:18986: cc -c -O3 -g  conftest.c >&5
configure:18986: $? = 0
configure:19018: result: no
configure:19104: checking whether byte ordering is bigendian
configure:19119: cc -c -O3 -g  conftest.c >&5
conftest.c:43:9: error: unknown type name 'not'
         not a universal capable compiler
         ^~~
conftest.c:43:15: error: expected '=', ',', ';', 'asm' or '__attribute__' before 'universal'
         not a universal capable compiler
               ^~~~~~~~~
conftest.c:43:15: error: unknown type name 'universal'
configure:19119: $? = 1
configure: failed program was:
| /* confdefs.h */
| #define PACKAGE_NAME "WiredTiger"
| #define PACKAGE_TARNAME "wiredtiger"
| #define PACKAGE_VERSION "10.0.0"
| #define PACKAGE_STRING "WiredTiger 10.0.0"
| #define PACKAGE_BUGREPORT "support@wiredtiger.com"
| #define PACKAGE_URL ""
| #define PACKAGE "wiredtiger"
| #define VERSION "10.0.0"
| #define STDC_HEADERS 1
| #define HAVE_SYS_TYPES_H 1
| #define HAVE_SYS_STAT_H 1
| #define HAVE_STDLIB_H 1
| #define HAVE_STRING_H 1
| #define HAVE_MEMORY_H 1
| #define HAVE_STRINGS_H 1
| #define HAVE_INTTYPES_H 1
| #define HAVE_STDINT_H 1
| #define HAVE_UNISTD_H 1
| #define HAVE_DLFCN_H 1
| #define LT_OBJDIR ".libs/"
| #define SPINLOCK_TYPE SPINLOCK_PTHREAD_MUTEX
| #define HAVE_X86INTRIN_H 1
| #define HAVE_LIBPTHREAD 1
| #define HAVE_LIBDL 1
| #define HAVE_LIBRT 1
| #define HAVE_CLOCK_GETTIME 1
| #define HAVE_FALLOCATE 1
| #define HAVE_FTRUNCATE 1
| #define HAVE_GETTIMEOFDAY 1
| #define HAVE_POSIX_FADVISE 1
| #define HAVE_POSIX_FALLOCATE 1
| #define HAVE_POSIX_MADVISE 1
| #define HAVE_SETRLIMIT 1
| #define HAVE_STRTOUQ 1
| #define HAVE_SYNC_FILE_RANGE 1
| #define HAVE_TIMER_CREATE 1
| #define HAVE_FDATASYNC 1
| #define HAVE_POSIX_MEMALIGN 1
| #define HAVE_PTHREAD_COND_MONOTONIC 1
| /* end confdefs.h.  */
| #ifndef __APPLE_CC__
| 	       not a universal capable compiler
| 	     #endif
| 	     typedef int dummy;
| 
configure:19164: cc -c -O3 -g  conftest.c >&5
configure:19164: $? = 0
configure:19182: cc -c -O3 -g  conftest.c >&5
conftest.c: In function 'main':
conftest.c:49:4: error: unknown type name 'not'; did you mean 'ino_t'?
    not big endian
    ^~~
    ino_t
conftest.c:49:12: error: expected '=', ',', ';', 'asm' or '__attribute__' before 'endian'
    not big endian
            ^~~~~~
configure:19182: $? = 1
configure: failed program was:
| /* confdefs.h */
| #define PACKAGE_NAME "WiredTiger"
| #define PACKAGE_TARNAME "wiredtiger"
| #define PACKAGE_VERSION "10.0.0"
| #define PACKAGE_STRING "WiredTiger 10.0.0"
| #define PACKAGE_BUGREPORT "support@wiredtiger.com"
| #define PACKAGE_URL ""
| #define PACKAGE "wiredtiger"
| #define VERSION "10.0.0"
| #define STDC_HEADERS 1
| #define HAVE_SYS_TYPES_H 1
| #define HAVE_SYS_STAT_H 1
| #define HAVE_STDLIB_H 1
| #define HAVE_STRING_H 1
| #define HAVE_MEMORY_H 1
| #define HAVE_STRINGS_H 1
| #define HAVE_INTTYPES_H 1
| #define HAVE_STDINT_H 1
| #define HAVE_UNISTD_H 1
| #define HAVE_DLFCN_H 1
| #define LT_OBJDIR ".libs/"
| #define SPINLOCK_TYPE SPINLOCK_PTHREAD_MUTEX
| #define HAVE_X86INTRIN_H 1
| #define HAVE_LIBPTHREAD 1
| #define HAVE_LIBDL 1
| #define HAVE_LIBRT 1
| #define HAVE_CLOCK_GETTIME 1
| #define HAVE_FALLOCATE 1
| #define HAVE_FTRUNCATE 1
| #define HAVE_GETTIMEOFDAY 1
| #define HAVE_POSIX_FADVISE 1
| #define HAVE_POSIX_FALLOCATE 1
| #define HAVE_POSIX_MADVISE 1
| #define HAVE_SETRLIMIT 1
| #define HAVE_STRTOUQ 1
| #define HAVE_SYNC_FILE_RANGE 1
| #define HAVE_TIMER_CREATE 1
| #define HAVE_FDATASYNC 1
| #define HAVE_POSIX_MEMALIGN 1
| #define HAVE_PTHREAD_COND_MONOTONIC 1
| /* end confdefs.h.  */
| #include <sys/types.h>
| 		#include <sys/param.h>
| 
| int
| main ()
| {
| #if BYTE_ORDER != BIG_ENDIAN
| 		 not big endian
| 		#endif
| 
|   ;
|   return 0;
| }
configure:19310: result: no
configure:19329: checking for a 64-bit build
configure:19331: cc -o conftest -O3 -g   conftest.c -lrt -ldl -lpthread  >&5
configure:19331: $? = 0
configure:19331: ./conftest
configure:19331: $? = 0
configure:19338: result: yes
configure:19600: checking that generated files are newer than configure
configure:19606: result: done
configure:19718: creating ./config.status

## ---------------- ##
## Cache variables. ##
## ---------------- ##

ac_cv_build=x86_64-pc-linux-gnu
ac_cv_c_bigendian=no
ac_cv_c_compiler_gnu=yes
ac_cv_cxx_compiler_gnu=yes
ac_cv_env_CCASFLAGS_set=
ac_cv_env_CCASFLAGS_value=
ac_cv_env_CCAS_set=
ac_cv_env_CCAS_value=
ac_cv_env_CCC_set=
ac_cv_env_CCC_value=
ac_cv_env_CC_set=
ac_cv_env_CC_value=
ac_cv_env_CFLAGS_set=
ac_cv_env_CFLAGS_value=
ac_cv_env_CPPFLAGS_set=
ac_cv_env_CPPFLAGS_value=
ac_cv_env_CPP_set=
ac_cv_env_CPP_value=
ac_cv_env_CXXCPP_set=
ac_cv_env_CXXCPP_value=
ac_cv_env_CXXFLAGS_set=
ac_cv_env_CXXFLAGS_value=
ac_cv_env_CXX_set=
ac_cv_env_CXX_value=
ac_cv_env_LDFLAGS_set=
ac_cv_env_LDFLAGS_value=
ac_cv_env_LIBS_set=
ac_cv_env_LIBS_value=
ac_cv_env_LT_SYS_LIBRARY_PATH_set=
ac_cv_env_LT_SYS_LIBRARY_PATH_value=
ac_cv_env_PYTHON_set=
ac_cv_env_PYTHON_value=
ac_cv_env_build_alias_set=
ac_cv_env_build_alias_value=
ac_cv_env_host_alias_set=
ac_cv_env_host_alias_value=
ac_cv_env_target_alias_set=
ac_cv_env_target_alias_value=
ac_cv_func_clock_gettime=yes
ac_cv_func_fallocate=yes
ac_cv_func_fdatasync=yes
ac_cv_func_ftruncate=yes
ac_cv_func_gettimeofday=yes
ac_cv_func_posix_fadvise=yes
ac_cv_func_posix_fallocate=yes
ac_cv_func_posix_madvise=yes
ac_cv_func_setrlimit=yes
ac_cv_func_strtouq=yes
ac_cv_func_sync_file_range=yes
ac_cv_func_timer_create=yes
ac_cv_header_dlfcn_h=yes
ac_cv_header_inttypes_h=yes
ac_cv_header_memory_h=yes
ac_cv_header_stdc=yes
ac_cv_header_stdint_h=yes
ac_cv_header_stdlib_h=yes
ac_cv_header_string_h=yes
ac_cv_header_strings_h=yes
ac_cv_header_sys_stat_h=yes
ac_cv_header_sys_types_h=yes
ac_cv_header_unistd_h=yes
ac_cv_header_x86intrin_h=yes
ac_cv_host=x86_64-pc-linux-gnu
ac_cv_lib_dl_dlopen=yes
ac_cv_lib_pthread_pthread_create=yes
ac_cv_lib_rt_sched_yield=yes
ac_cv_objext=o
ac_cv_path_EGREP='/bin/grep -E'
ac_cv_path_FGREP='/bin/grep -F'
ac_cv_path_GREP=/bin/grep
ac_cv_path_SED=/bin/sed
ac_cv_path_install='/usr/bin/install -c'
ac_cv_path_lt_DD=/bin/dd
ac_cv_path_mkdir=/bin/mkdir
ac_cv_prog_AWK=gawk
ac_cv_prog_CPP='cc -E'
ac_cv_prog_CXXCPP='c++ -E'
ac_cv_prog_ac_ct_AR=ar
ac_cv_prog_ac_ct_CC=cc
ac_cv_prog_ac_ct_CXX=c++
ac_cv_prog_ac_ct_MANIFEST_TOOL=mt
ac_cv_prog_ac_ct_OBJDUMP=objdump
ac_cv_prog_ac_ct_RANLIB=ranlib
ac_cv_prog_ac_ct_STRIP=strip
ac_cv_prog_cc_c89=
ac_cv_prog_cc_g=yes
ac_cv_prog_cxx_g=yes
ac_cv_prog_make_make_set=yes
ac_cv_sizeof_void_p=8
ac_cv_sys_file_offset_bits=no
ac_cv_sys_largefile_CC=no
ac_cv_type_FILE_p=yes
ac_cv_type_off_t=yes
ac_cv_type_pid_t=yes
ac_cv_type_size_t=yes
ac_cv_type_ssize_t=yes
ac_cv_type_time_t=yes
ac_cv_type_uintmax_t=yes
ac_cv_type_uintptr_t=yes
am_cv_CCAS_dependencies_compiler_type=gcc3
am_cv_CC_dependencies_compiler_type=gcc3
am_cv_CXX_dependencies_compiler_type=gcc3
am_cv_make_support_nested_variables=yes
am_cv_prog_cc_c_o=yes
ax_cv_check_cflags___std_c11=yes
ax_cv_func_posix_memalign_works=yes
lt_cv_ar_at_file=@
lt_cv_archive_cmds_need_lc=no
lt_cv_deplibs_check_method=pass_all
lt_cv_file_magic_cmd='$MAGIC_CMD'
lt_cv_file_magic_test_file=
lt_cv_ld_reload_flag=-r
lt_cv_nm_interface='BSD nm'
lt_cv_objdir=.libs
lt_cv_path_LD=/usr/bin/ld
lt_cv_path_LDCXX='/usr/bin/ld -m elf_x86_64'
lt_cv_path_NM='/usr/bin/nm -B'
lt_cv_path_mainfest_tool=no
lt_cv_prog_compiler_c_o=yes
lt_cv_prog_compiler_c_o_CXX=yes
lt_cv_prog_compiler_pic='-fPIC -DPIC'
lt_cv_prog_compiler_pic_CXX='-fPIC -DPIC'
lt_cv_prog_compiler_pic_works=yes
lt_cv_prog_compiler_pic_works_CXX=yes
lt_cv_prog_compiler_rtti_exceptions=no
lt_cv_prog_compiler_static_works=yes
lt_cv_prog_compiler_static_works_CXX=yes
lt_cv_prog_gnu_ld=yes
lt_cv_prog_gnu_ldcxx=yes
lt_cv_sharedlib_from_linklib_cmd='printf %s\n'
lt_cv_shlibpath_overrides_runpath=yes
lt_cv_sys_global_symbol_pipe='sed -n -e '\''s/^.*[	 ]\([ABCDGIRSTW][ABCDGIRSTW]*\)[	 ][	 ]*\([_A-Za-z][_A-Za-z0-9]*\)$/\1 \2 \2/p'\'' | sed '\''/ __gnu_lto/d'\'''
lt_cv_sys_global_symbol_to_c_name_address='sed -n -e '\''s/^: \(.*\) .*$/  {"\1", (void *) 0},/p'\'' -e '\''s/^[ABCDGIRSTW][ABCDGIRSTW]* .* \(.*\)$/  {"\1", (void *) \&\1},/p'\'''
lt_cv_sys_global_symbol_to_c_name_address_lib_prefix='sed -n -e '\''s/^: \(.*\) .*$/  {"\1", (void *) 0},/p'\'' -e '\''s/^[ABCDGIRSTW][ABCDGIRSTW]* .* \(lib.*\)$/  {"\1", (void *) \&\1},/p'\'' -e '\''s/^[ABCDGIRSTW][ABCDGIRSTW]* .* \(.*\)$/  {"lib\1", (void *) \&\1},/p'\'''
lt_cv_sys_global_symbol_to_cdecl='sed -n -e '\''s/^T .* \(.*\)$/extern int \1();/p'\'' -e '\''s/^[ABCDGIRSTW][ABCDGIRSTW]* .* \(.*\)$/extern char \1;/p'\'''
lt_cv_sys_global_symbol_to_import=
lt_cv_sys_max_cmd_len=1572864
lt_cv_to_host_file_cmd=func_convert_file_noop
lt_cv_to_tool_file_cmd=func_convert_file_noop
lt_cv_truncate_bin='/bin/dd bs=4096 count=1'
wt_cv_arm64=no
wt_cv_crc32_hardware=yes
wt_cv_docs_exist=yes
wt_cv_enable_attach=no
wt_cv_enable_diagnostic=no
wt_cv_enable_java=no
wt_cv_enable_llvm=no
wt_cv_enable_lz4=no
wt_cv_enable_python=no
wt_cv_enable_snappy=no
wt_cv_enable_strict=no
wt_cv_enable_tcmalloc=no
wt_cv_enable_zlib=no
wt_cv_enable_zstd=no
wt_cv_mips64el=no
wt_cv_powerpc=no
wt_cv_prog_cxx_works=yes
wt_cv_solaris=no
wt_cv_x86=yes
wt_cv_zseries=no

## ----------------- ##
## Output variables. ##
## ----------------- ##

#include <inttypes.h>
#include <stdarg.h>
#include <stdbool.h>
#include <stdint.h>
#include <stdio.h>'
#include <sys/types.h>
ACLOCAL='${SHELL} /home/chanyoung/FAST25_HRP_Reproduce/benchmark/wiredtiger/build_posix/gnu-support/missing aclocal-1.15'
AMDEPBACKSLASH='\'
AMDEP_FALSE='#'
AMDEP_TRUE=''
AMTAR='$${TAR-tar}'
AM_BACKSLASH='\'
AM_CFLAGS=' -std=c11 -D_GNU_SOURCE'
AM_DEFAULT_V='$(AM_DEFAULT_VERBOSITY)'
AM_DEFAULT_VERBOSITY='1'
AM_LIBTOOLFLAGS=''
AM_V='$(V)'
AR='ar'
ARM64_HOST_FALSE=''
ARM64_HOST_TRUE='#'
AUTOCONF='${SHELL} /home/chanyoung/FAST25_HRP_Reproduce/benchmark/wiredtiger/build_posix/gnu-support/missing autoconf'
AUTOHEADER='${SHELL} /home/chanyoung/FAST25_HRP_Reproduce/benchmark/wiredtiger/build_posix/gnu-support/missing autoheader'
AUTOMAKE='${SHELL} /home/chanyoung/FAST25_HRP_Reproduce/benchmark/wiredtiger/build_posix/gnu-support/missing automake-1.15'
AWK='gawk'
CC='cc'
CCAS='cc'
CCASDEPMODE='depmode=gcc3'
CCASFLAGS='-O3 -g'
CCDEPMODE='depmode=gcc3'
CFLAGS='-O3 -g'
CPP='cc -E'
CPPFLAGS=''
CXX='c++'
CXXCPP='c++ -E'
CXXDEPMODE='depmode=gcc3'
CXXFLAGS='-O3 -g'
CYGPATH_W='echo'
DEFS='-DHAVE_CONFIG_H'
DEPDIR='.deps'
DLLTOOL='false'
DOXYGEN=''
DSYMUTIL=''
DUMPBIN=''
ECHO_C=''
ECHO_N='-n'
ECHO_T=''
EGREP='/bin/grep -E'
EXEEXT=''
FGREP='/bin/grep -F'
FILE_t_decl=''
GREP='/bin/grep'
HAVE_BUILTIN_EXTENSION_LZ4_FALSE=''
HAVE_BUILTIN_EXTENSION_LZ4_TRUE='#'
HAVE_BUILTIN_EXTENSION_SNAPPY_FALSE=''
HAVE_BUILTIN_EXTENSION_SNAPPY_TRUE='#'
HAVE_BUILTIN_EXTENSION_ZLIB_FALSE=''
HAVE_BUILTIN_EXTENSION_ZLIB_TRUE='#'
HAVE_BUILTIN_EXTENSION_ZSTD_FALSE=''
HAVE_BUILTIN_EXTENSION_ZSTD_TRUE='#'
HAVE_CXX_FALSE='#'
HAVE_CXX_TRUE=''
INSTALL_DATA='${INSTALL} -m 644'
INSTALL_PROGRAM='${INSTALL}'
INSTALL_SCRIPT='${INSTALL}'
INSTALL_STRIP_PROGRAM='$(install_sh) -c -s'
JAR=''
JAVA=''
JAVAC=''
JAVA_FALSE=''
JAVA_JUNIT=''
JAVA_TRUE='#'
JNI_CPPFLAGS=''
JUNIT=''
LD='/usr/bin/ld -m elf_x86_64'
LDFLAGS=''
LIBOBJS=''
LIBS='-lrt -ldl -lpthread '
LIBTOOL='$(SHELL) $(top_builddir)/libtool'
LIBTOOL_DEPS='build_posix/gnu-support/ltmain.sh'
LIPO=''
LLVM_FALSE=''
LLVM_TRUE='#'
LN_S='ln -s'
LTLIBOBJS=''
LT_SYS_LIBRARY_PATH=''
LZ4_FALSE=''
LZ4_TRUE='#'
MAKEINFO='${SHELL} /home/chanyoung/FAST25_HRP_Reproduce/benchmark/wiredtiger/build_posix/gnu-support/missing makeinfo'
MAN1_PAGES='./docs/man/man1/wt.1'
MAN3_PAGES='./docs/man/man3/wiredtiger.3'
MANIFEST_TOOL=':'
MIPS64EL_HOST_FALSE=''
MIPS64EL_HOST_TRUE='#'
MKDIR_P='/bin/mkdir -p'
NM='/usr/bin/nm -B'
NMEDIT=''
OBJDUMP='objdump'
OBJEXT='o'
OTOOL64=''
OTOOL=''
PACKAGE='wiredtiger'
PACKAGE_BUGREPORT='support@wiredtiger.com'
PACKAGE_NAME='WiredTiger'
PACKAGE_STRING='WiredTiger 10.0.0'
PACKAGE_TARNAME='wiredtiger'
PACKAGE_URL=''
PACKAGE_VERSION='10.0.0'
PATH_SEPARATOR=':'
POSIX_HOST_FALSE='#'
POSIX_HOST_TRUE=''
POWERPC_HOST_FALSE=''
POWERPC_HOST_TRUE='#'
PYTHON=''
PYTHON_EXEC_PREFIX=''
PYTHON_FALSE=''
PYTHON_INSTALL_ARG=''
PYTHON_PLATFORM=''
PYTHON_PREFIX=''
PYTHON_TRUE='#'
PYTHON_VERSION=''
RANLIB='ranlib'
SED='/bin/sed'
SET_MAKE=''
SHELL='/bin/sh'
SNAPPY_FALSE=''
SNAPPY_TRUE='#'
STRIP='strip'
SWIG=''
SWIG_LIB=''
TCMalloc_FALSE=''
TCMalloc_TRUE='#'
TESTS_JUNIT=''
UUDECODE=''
VERSION='10.0.0'
VERSION_MAJOR='10'
VERSION_MINOR='0'
VERSION_NOPATCH='10.0'
VERSION_PATCH='0'
VERSION_STRING='"WiredTiger 10.0.0: (March 18, 2020)"'
WINDOWS_HOST_FALSE=''
WINDOWS_HOST_TRUE='#'
X86_HOST_FALSE='#'
X86_HOST_TRUE=''
ZLIB_FALSE=''
ZLIB_TRUE='#'
ZSERIES_HOST_FALSE=''
ZSERIES_HOST_TRUE='#'
ZSTD_FALSE=''
ZSTD_TRUE='#'
_ACJNI_JAVAC=''
ac_ct_AR='ar'
ac_ct_CC='cc'
ac_ct_CXX='c++'
ac_ct_DUMPBIN=''
am__EXEEXT_FALSE=''
am__EXEEXT_TRUE='#'
am__fastdepCCAS_FALSE='#'
am__fastdepCCAS_TRUE=''
am__fastdepCC_FALSE='#'
am__fastdepCC_TRUE=''
am__fastdepCXX_FALSE='#'
am__fastdepCXX_TRUE=''
am__include='include'
am__isrc=''
am__leading_dot='.'
am__nodep='_no'
am__quote=''
am__tar='$${TAR-tar} chof - "$$tardir"'
am__untar='$${TAR-tar} xf -'
bindir='${exec_prefix}/bin'
build='x86_64-pc-linux-gnu'
build_alias=''
build_cpu='x86_64'
build_os='linux-gnu'
build_vendor='pc'
datadir='${datarootdir}'
datarootdir='${prefix}/share'
docdir='${datarootdir}/doc/${PACKAGE_TARNAME}'
dvidir='${docdir}'
exec_prefix='${prefix}'
host='x86_64-pc-linux-gnu'
host_alias=''
host_cpu='x86_64'
host_os='linux-gnu'
host_vendor='pc'
htmldir='${docdir}'
includedir='${prefix}/include'
infodir='${datarootdir}/info'
install_sh='${SHELL} /home/chanyoung/FAST25_HRP_Reproduce/benchmark/wiredtiger/build_posix/gnu-support/install-sh'
libdir='${exec_prefix}/lib'
libexecdir='${exec_prefix}/libexec'
localedir='${datarootdir}/locale'
localstatedir='${prefix}/var'
mandir='${datarootdir}/man'
mkdir_p='$(MKDIR_P)'
off_t_decl='typedef off_t wt_off_t;'
oldincludedir='/usr/include'
pdfdir='${docdir}'
pid_t_decl=''
pkgpyexecdir=''
pkgpythondir=''
prefix='/usr/local'
program_transform_name='s,x,x,'
psdir='${docdir}'
pyexecdir=''
pythondir=''
runstatedir='${localstatedir}/run'
sbindir='${exec_prefix}/sbin'
sharedstatedir='${prefix}/com'
size_t_decl=''
ssize_t_decl=''
sysconfdir='${prefix}/etc'
target_alias=''
time_t_decl=''
uintmax_t_decl=''
uintptr_t_decl=''
wiredtiger_includes_decl='
wt_cv_llvm_config=''

## ----------- ##
## confdefs.h. ##
## ----------- ##

/* confdefs.h */
#define PACKAGE_NAME "WiredTiger"
#define PACKAGE_TARNAME "wiredtiger"
#define PACKAGE_VERSION "10.0.0"
#define PACKAGE_STRING "WiredTiger 10.0.0"
#define PACKAGE_BUGREPORT "support@wiredtiger.com"
#define PACKAGE_URL ""
#define PACKAGE "wiredtiger"
#define VERSION "10.0.0"
#define STDC_HEADERS 1
#define HAVE_SYS_TYPES_H 1
#define HAVE_SYS_STAT_H 1
#define HAVE_STDLIB_H 1
#define HAVE_STRING_H 1
#define HAVE_MEMORY_H 1
#define HAVE_STRINGS_H 1
#define HAVE_INTTYPES_H 1
#define HAVE_STDINT_H 1
#define HAVE_UNISTD_H 1
#define HAVE_DLFCN_H 1
#define LT_OBJDIR ".libs/"
#define SPINLOCK_TYPE SPINLOCK_PTHREAD_MUTEX
#define HAVE_X86INTRIN_H 1
#define HAVE_LIBPTHREAD 1
#define HAVE_LIBDL 1
#define HAVE_LIBRT 1
#define HAVE_CLOCK_GETTIME 1
#define HAVE_FALLOCATE 1
#define HAVE_FTRUNCATE 1
#define HAVE_GETTIMEOFDAY 1
#define HAVE_POSIX_FADVISE 1
#define HAVE_POSIX_FALLOCATE 1
#define HAVE_POSIX_MADVISE 1
#define HAVE_SETRLIMIT 1
#define HAVE_STRTOUQ 1
#define HAVE_SYNC_FILE_RANGE 1
#define HAVE_TIMER_CREATE 1
#define HAVE_FDATASYNC 1
#define HAVE_POSIX_MEMALIGN 1
#define HAVE_PTHREAD_COND_MONOTONIC 1
#define WT_BUFFER_ALIGNMENT_DEFAULT 4096

configure: exit 0

## ---------------------- ##
## Running config.status. ##
## ---------------------- ##

This file was extended by WiredTiger config.status 10.0.0, which was
generated by GNU Autoconf 2.69.  Invocation command line was

  CONFIG_FILES    = 
  CONFIG_HEADERS  = 
  CONFIG_LINKS    = 
  CONFIG_COMMANDS = 
  $ ./config.status 

on anna

config.status:1295: creating ext/collators/reverse/Makefile
config.status:1295: creating ext/collators/revint/Makefile
config.status:1295: creating ext/compressors/lz4/Makefile
config.status:1295: creating ext/compressors/nop/Makefile
config.status:1295: creating ext/compressors/snappy/Makefile
config.status:1295: creating ext/compressors/zlib/Makefile
config.status:1295: creating ext/compressors/zstd/Makefile
config.status:1295: creating ext/encryptors/nop/Makefile
config.status:1295: creating ext/encryptors/rotn/Makefile
config.status:1295: creating ext/extractors/csv/Makefile
config.status:1295: creating ext/test/fail_fs/Makefile
config.status:1295: creating lang/java/Makefile
config.status:1295: creating lang/python/Makefile
config.status:1295: creating test/utility/Makefile
config.status:1295: creating examples/c/Makefile
config.status:1295: creating examples/java/Makefile
config.status:1295: creating test/bloom/Makefile
config.status:1295: creating test/checkpoint/Makefile
config.status:1295: creating test/csuite/Makefile
config.status:1295: creating test/cursor_order/Makefile
config.status:1295: creating test/fops/Makefile
config.status:1295: creating test/format/Makefile
config.status:1295: creating test/huge/Makefile
config.status:1295: creating test/manydbs/Makefile
config.status:1295: creating test/packing/Makefile
config.status:1295: creating test/readonly/Makefile
config.status:1295: creating test/salvage/Makefile
config.status:1295: creating test/syscall/Makefile
config.status:1295: creating test/thread/Makefile
config.status:1295: creating bench/workgen/Makefile
config.status:1295: creating bench/wtperf/Makefile
config.status:1295: creating tools/xray_to_optrack/Makefile
config.status:1295: creating Makefile
config.status:1295: creating wiredtiger.h
config.status:1295: creating wiredtiger_ext.h
config.status:1295: creating wiredtiger.pc
config.status:1295: creating wiredtiger_config.h
config.status:1476: wiredtiger_config.h is unchanged
config.status:1524: executing depfiles commands
config.status:1524: executing libtool commands
